<?xml version="1.0" encoding="UTF-8"?>
<!-- Generated by org.testng.reporters.JUnitReportReporter -->
<testsuite hostname="ISCHLAPHP22887" failures="0" tests="1" name="runner.TestRunner" time="11.290" errors="0" timestamp="2023-06-09T20:56:27 IST" skipped="0">
  <testcase classname="runner.TestRunner" name="runScenario" time="11.290"/>
  <system-out/>
</testsuite> <!-- runner.TestRunner -->
